<?xml version="1.0" encoding="UTF-8"?>
<testsuite xmlns:xsi="http://www.w3.org/2001/XMLSchema-instance" xsi:noNamespaceSchemaLocation="https://maven.apache.org/surefire/maven-surefire-plugin/xsd/surefire-test-report-3.0.xsd" version="3.0" name="Get All Existing Employees API" time="3.157" tests="3" errors="0" skipped="0" failures="3">
  <properties>
[...]
</properties>
  <testcase name="Verify User able to retrieve ALL existing employees #1" classname="Get All Existing Employees API" time="1.735">
    <failure message="The following asserts failed:&#10;	expected [103] but found [114],&#10;	expected [Alexander] but found [Wilfredo],&#10;	expected [Hunold] but found [Ward],&#10;	expected [IT_PROG] but found [PU_MAN],&#10;	expected [590.423.4567] but found [751-331-6716]" type="java.lang.AssertionError"><![CDATA[java.lang.AssertionError: 
The following asserts failed:
	expected [103] but found [114],
	expected [Alexander] but found [Wilfredo],
	expected [Hunold] but found [Ward],
	expected [IT_PROG] but found [PU_MAN],
	expected [590.423.4567] but found [751-331-6716]
	at org.testng.asserts.SoftAssert.assertAll(SoftAssert.java:47)
	at org.testng.asserts.SoftAssert.assertAll(SoftAssert.java:31)
	at com.noorteck.qa.steps.Hooks.tearDown(Hooks.java:33)
]]></failure>
    <system-out><![CDATA[
@GetAllExEmps
Scenario Outline: Verify User able to retrieve ALL existing employees # src/test/resources/hr/US105-GetAllEmps.feature:14
  Given User set "Employee:GetAllEmp" "scrum" webservice api          # com.noorteck.qa.steps.CommonAPISteps.setUpAPI(java.lang.String,java.lang.String)
  When User sends GET request                                         # com.noorteck.qa.steps.CommonAPISteps.makeGETrequest()
Status Code: 200
  Then User validates status code "200"                               # com.noorteck.qa.steps.CommonAPISteps.validateStatusCode(java.lang.String)
114
Wilfredo
Ward
PU_MAN
751-331-6716
  And User validates response body field                              # com.noorteck.qa.steps.CommonAPISteps.validateResponseBody(io.cucumber.datatable.DataTable)
      java.lang.AssertionError: The following asserts failed:
	expected [103] but found [114],
	expected [Alexander] but found [Wilfredo],
	expected [Hunold] but found [Ward],
	expected [IT_PROG] but found [PU_MAN],
	expected [590.423.4567] but found [751-331-6716]
	at org.testng.asserts.SoftAssert.assertAll(SoftAssert.java:47)
	at org.testng.asserts.SoftAssert.assertAll(SoftAssert.java:31)
	at com.noorteck.qa.steps.Hooks.tearDown(Hooks.java:33)

]]></system-out>
  </testcase>
  <testcase name="Verify User able to retrieve ALL existing employees #2" classname="Get All Existing Employees API" time="0.219">
    <failure message="The following asserts failed:&#10;	expected [104] but found [115],&#10;	expected [Bruce] but found [Alexander],&#10;	expected [Ernst] but found [Khoo],&#10;	expected [IT_PROG] but found [PU_CLERK],&#10;	expected [590.423.4568] but found [515.127.4562]" type="java.lang.AssertionError"><![CDATA[java.lang.AssertionError: 
The following asserts failed:
	expected [104] but found [115],
	expected [Bruce] but found [Alexander],
	expected [Ernst] but found [Khoo],
	expected [IT_PROG] but found [PU_CLERK],
	expected [590.423.4568] but found [515.127.4562]
	at org.testng.asserts.SoftAssert.assertAll(SoftAssert.java:47)
	at org.testng.asserts.SoftAssert.assertAll(SoftAssert.java:31)
	at com.noorteck.qa.steps.Hooks.tearDown(Hooks.java:33)
]]></failure>
    <system-out><![CDATA[
@GetAllExEmps
Scenario Outline: Verify User able to retrieve ALL existing employees # src/test/resources/hr/US105-GetAllEmps.feature:15
  Given User set "Employee:GetAllEmp" "scrum" webservice api          # com.noorteck.qa.steps.CommonAPISteps.setUpAPI(java.lang.String,java.lang.String)
  When User sends GET request                                         # com.noorteck.qa.steps.CommonAPISteps.makeGETrequest()
Status Code: 200
  Then User validates status code "200"                               # com.noorteck.qa.steps.CommonAPISteps.validateStatusCode(java.lang.String)
115
Alexander
Khoo
PU_CLERK
515.127.4562
  And User validates response body field                              # com.noorteck.qa.steps.CommonAPISteps.validateResponseBody(io.cucumber.datatable.DataTable)
      java.lang.AssertionError: The following asserts failed:
	expected [104] but found [115],
	expected [Bruce] but found [Alexander],
	expected [Ernst] but found [Khoo],
	expected [IT_PROG] but found [PU_CLERK],
	expected [590.423.4568] but found [515.127.4562]
	at org.testng.asserts.SoftAssert.assertAll(SoftAssert.java:47)
	at org.testng.asserts.SoftAssert.assertAll(SoftAssert.java:31)
	at com.noorteck.qa.steps.Hooks.tearDown(Hooks.java:33)

]]></system-out>
  </testcase>
  <testcase name="Verify User able to retrieve ALL existing employees #3" classname="Get All Existing Employees API" time="0.247">
    <failure message="The following asserts failed:&#10;	expected [106] but found [119],&#10;	expected [Valli] but found [Kaitlyn],&#10;	expected [Pataballa] but found [Hoeger],&#10;	expected [IT_PROG] but found [PU_CLERK],&#10;	expected [590.423.4560] but found [349-957-2034]" type="java.lang.AssertionError"><![CDATA[java.lang.AssertionError: 
The following asserts failed:
	expected [106] but found [119],
	expected [Valli] but found [Kaitlyn],
	expected [Pataballa] but found [Hoeger],
	expected [IT_PROG] but found [PU_CLERK],
	expected [590.423.4560] but found [349-957-2034]
	at org.testng.asserts.SoftAssert.assertAll(SoftAssert.java:47)
	at org.testng.asserts.SoftAssert.assertAll(SoftAssert.java:31)
	at com.noorteck.qa.steps.Hooks.tearDown(Hooks.java:33)
]]></failure>
    <system-out><![CDATA[
@GetAllExEmps
Scenario Outline: Verify User able to retrieve ALL existing employees # src/test/resources/hr/US105-GetAllEmps.feature:16
  Given User set "Employee:GetAllEmp" "scrum" webservice api          # com.noorteck.qa.steps.CommonAPISteps.setUpAPI(java.lang.String,java.lang.String)
  When User sends GET request                                         # com.noorteck.qa.steps.CommonAPISteps.makeGETrequest()
Status Code: 200
  Then User validates status code "200"                               # com.noorteck.qa.steps.CommonAPISteps.validateStatusCode(java.lang.String)
119
Kaitlyn
Hoeger
PU_CLERK
349-957-2034
  And User validates response body field                              # com.noorteck.qa.steps.CommonAPISteps.validateResponseBody(io.cucumber.datatable.DataTable)
      java.lang.AssertionError: The following asserts failed:
	expected [106] but found [119],
	expected [Valli] but found [Kaitlyn],
	expected [Pataballa] but found [Hoeger],
	expected [IT_PROG] but found [PU_CLERK],
	expected [590.423.4560] but found [349-957-2034]
	at org.testng.asserts.SoftAssert.assertAll(SoftAssert.java:47)
	at org.testng.asserts.SoftAssert.assertAll(SoftAssert.java:31)
	at com.noorteck.qa.steps.Hooks.tearDown(Hooks.java:33)

]]></system-out>
  </testcase>
</testsuite>